mode: atomic
github.com/HadesHo3820/ebvn-golang-course/internal/api/api.go:36.30,43.2 3 0
github.com/HadesHo3820/ebvn-golang-course/internal/api/api.go:48.29,50.2 1 0
github.com/HadesHo3820/ebvn-golang-course/internal/api/api.go:54.65,56.2 1 0
github.com/HadesHo3820/ebvn-golang-course/internal/api/api.go:68.28,88.2 7 0
github.com/HadesHo3820/ebvn-golang-course/internal/api/config.go:14.35,17.16 3 0
github.com/HadesHo3820/ebvn-golang-course/internal/api/config.go:17.16,19.3 1 0
github.com/HadesHo3820/ebvn-golang-course/internal/api/config.go:20.2,20.26 1 0
github.com/HadesHo3820/ebvn-golang-course/internal/api/config.go:20.26,23.3 1 0
github.com/HadesHo3820/ebvn-golang-course/internal/api/config.go:24.2,24.17 1 0
github.com/HadesHo3820/ebvn-golang-course/internal/api/api.go:36.30,43.2 3 0
github.com/HadesHo3820/ebvn-golang-course/internal/api/api.go:48.29,50.2 1 0
github.com/HadesHo3820/ebvn-golang-course/internal/api/api.go:54.65,56.2 1 0
github.com/HadesHo3820/ebvn-golang-course/internal/api/api.go:68.28,88.2 7 0
github.com/HadesHo3820/ebvn-golang-course/internal/api/config.go:14.35,17.16 3 0
github.com/HadesHo3820/ebvn-golang-course/internal/api/config.go:17.16,19.3 1 0
github.com/HadesHo3820/ebvn-golang-course/internal/api/config.go:20.2,20.26 1 0
github.com/HadesHo3820/ebvn-golang-course/internal/api/config.go:20.26,23.3 1 0
github.com/HadesHo3820/ebvn-golang-course/internal/api/config.go:24.2,24.17 1 0
github.com/HadesHo3820/ebvn-golang-course/internal/handler/health_check_handler.go:48.58,52.2 1 1
github.com/HadesHo3820/ebvn-golang-course/internal/handler/health_check_handler.go:61.52,68.2 2 1
github.com/HadesHo3820/ebvn-golang-course/internal/handler/pass_handler.go:27.49,29.2 1 2
github.com/HadesHo3820/ebvn-golang-course/internal/handler/pass_handler.go:42.51,44.16 2 2
github.com/HadesHo3820/ebvn-golang-course/internal/handler/pass_handler.go:44.16,47.3 2 1
github.com/HadesHo3820/ebvn-golang-course/internal/handler/pass_handler.go:48.2,48.31 1 1
github.com/HadesHo3820/ebvn-golang-course/internal/service/health_check_service.go:21.65,26.2 1 0
github.com/HadesHo3820/ebvn-golang-course/internal/service/health_check_service.go:29.63,31.2 1 0
github.com/HadesHo3820/ebvn-golang-course/internal/service/pass_service.go:27.29,29.2 1 0
github.com/HadesHo3820/ebvn-golang-course/internal/service/pass_service.go:34.62,38.23 2 0
github.com/HadesHo3820/ebvn-golang-course/internal/service/pass_service.go:38.23,41.17 2 0
github.com/HadesHo3820/ebvn-golang-course/internal/service/pass_service.go:41.17,43.4 1 0
github.com/HadesHo3820/ebvn-golang-course/internal/service/pass_service.go:45.3,45.53 1 0
github.com/HadesHo3820/ebvn-golang-course/internal/service/pass_service.go:47.2,47.33 1 0
github.com/HadesHo3820/ebvn-golang-course/internal/api/api.go:36.30,43.2 3 0
github.com/HadesHo3820/ebvn-golang-course/internal/api/api.go:48.29,50.2 1 0
github.com/HadesHo3820/ebvn-golang-course/internal/api/api.go:54.65,56.2 1 0
github.com/HadesHo3820/ebvn-golang-course/internal/api/api.go:68.28,88.2 7 0
github.com/HadesHo3820/ebvn-golang-course/internal/api/config.go:14.35,17.16 3 0
github.com/HadesHo3820/ebvn-golang-course/internal/api/config.go:17.16,19.3 1 0
github.com/HadesHo3820/ebvn-golang-course/internal/api/config.go:20.2,20.26 1 0
github.com/HadesHo3820/ebvn-golang-course/internal/api/config.go:20.26,23.3 1 0
github.com/HadesHo3820/ebvn-golang-course/internal/api/config.go:24.2,24.17 1 0
github.com/HadesHo3820/ebvn-golang-course/internal/handler/health_check_handler.go:48.58,52.2 1 0
github.com/HadesHo3820/ebvn-golang-course/internal/handler/health_check_handler.go:61.52,68.2 2 0
github.com/HadesHo3820/ebvn-golang-course/internal/handler/pass_handler.go:27.49,29.2 1 0
github.com/HadesHo3820/ebvn-golang-course/internal/handler/pass_handler.go:42.51,44.16 2 0
github.com/HadesHo3820/ebvn-golang-course/internal/handler/pass_handler.go:44.16,47.3 2 0
github.com/HadesHo3820/ebvn-golang-course/internal/handler/pass_handler.go:48.2,48.31 1 0
github.com/HadesHo3820/ebvn-golang-course/internal/service/health_check_service.go:21.65,26.2 1 1
github.com/HadesHo3820/ebvn-golang-course/internal/service/health_check_service.go:29.63,31.2 1 1
github.com/HadesHo3820/ebvn-golang-course/internal/service/pass_service.go:27.29,29.2 1 1
github.com/HadesHo3820/ebvn-golang-course/internal/service/pass_service.go:34.62,38.23 2 1
github.com/HadesHo3820/ebvn-golang-course/internal/service/pass_service.go:38.23,41.17 2 10
github.com/HadesHo3820/ebvn-golang-course/internal/service/pass_service.go:41.17,43.4 1 0
github.com/HadesHo3820/ebvn-golang-course/internal/service/pass_service.go:45.3,45.53 1 10
github.com/HadesHo3820/ebvn-golang-course/internal/service/pass_service.go:47.2,47.33 1 1
github.com/HadesHo3820/ebvn-golang-course/internal/api/api.go:36.30,43.2 3 2
github.com/HadesHo3820/ebvn-golang-course/internal/api/api.go:48.29,50.2 1 0
github.com/HadesHo3820/ebvn-golang-course/internal/api/api.go:54.65,56.2 1 2
github.com/HadesHo3820/ebvn-golang-course/internal/api/api.go:68.28,88.2 7 2
github.com/HadesHo3820/ebvn-golang-course/internal/api/config.go:14.35,17.16 3 2
github.com/HadesHo3820/ebvn-golang-course/internal/api/config.go:17.16,19.3 1 0
github.com/HadesHo3820/ebvn-golang-course/internal/api/config.go:20.2,20.26 1 2
github.com/HadesHo3820/ebvn-golang-course/internal/api/config.go:20.26,23.3 1 2
github.com/HadesHo3820/ebvn-golang-course/internal/api/config.go:24.2,24.17 1 2
github.com/HadesHo3820/ebvn-golang-course/internal/handler/health_check_handler.go:48.58,52.2 1 2
github.com/HadesHo3820/ebvn-golang-course/internal/handler/health_check_handler.go:61.52,68.2 2 1
github.com/HadesHo3820/ebvn-golang-course/internal/handler/pass_handler.go:27.49,29.2 1 2
github.com/HadesHo3820/ebvn-golang-course/internal/handler/pass_handler.go:42.51,44.16 2 1
github.com/HadesHo3820/ebvn-golang-course/internal/handler/pass_handler.go:44.16,47.3 2 0
github.com/HadesHo3820/ebvn-golang-course/internal/handler/pass_handler.go:48.2,48.31 1 1
github.com/HadesHo3820/ebvn-golang-course/internal/service/health_check_service.go:21.65,26.2 1 2
github.com/HadesHo3820/ebvn-golang-course/internal/service/health_check_service.go:29.63,31.2 1 1
github.com/HadesHo3820/ebvn-golang-course/internal/service/pass_service.go:27.29,29.2 1 2
github.com/HadesHo3820/ebvn-golang-course/internal/service/pass_service.go:34.62,38.23 2 1
github.com/HadesHo3820/ebvn-golang-course/internal/service/pass_service.go:38.23,41.17 2 10
github.com/HadesHo3820/ebvn-golang-course/internal/service/pass_service.go:41.17,43.4 1 0
github.com/HadesHo3820/ebvn-golang-course/internal/service/pass_service.go:45.3,45.53 1 10
github.com/HadesHo3820/ebvn-golang-course/internal/service/pass_service.go:47.2,47.33 1 1
