mode: atomic
github.com/HadesHo3820/ebvn-golang-course/internal/api/api.go:41.90,50.2 3 0
github.com/HadesHo3820/ebvn-golang-course/internal/api/api.go:55.29,57.2 1 0
github.com/HadesHo3820/ebvn-golang-course/internal/api/api.go:61.65,63.2 1 0
github.com/HadesHo3820/ebvn-golang-course/internal/api/api.go:76.28,88.18 5 0
github.com/HadesHo3820/ebvn-golang-course/internal/api/api.go:88.18,91.3 2 0
github.com/HadesHo3820/ebvn-golang-course/internal/api/api.go:92.2,112.2 8 0
github.com/HadesHo3820/ebvn-golang-course/internal/api/api.go:112.2,121.3 3 0
github.com/HadesHo3820/ebvn-golang-course/internal/api/api.go:124.2,124.74 1 0
github.com/HadesHo3820/ebvn-golang-course/internal/api/config.go:14.35,17.16 3 0
github.com/HadesHo3820/ebvn-golang-course/internal/api/config.go:17.16,19.3 1 0
github.com/HadesHo3820/ebvn-golang-course/internal/api/config.go:20.2,20.26 1 0
github.com/HadesHo3820/ebvn-golang-course/internal/api/config.go:20.26,23.3 1 0
github.com/HadesHo3820/ebvn-golang-course/internal/api/config.go:24.2,24.17 1 0
github.com/HadesHo3820/ebvn-golang-course/internal/api/api.go:41.90,50.2 3 0
github.com/HadesHo3820/ebvn-golang-course/internal/api/api.go:55.29,57.2 1 0
github.com/HadesHo3820/ebvn-golang-course/internal/api/api.go:61.65,63.2 1 0
github.com/HadesHo3820/ebvn-golang-course/internal/api/api.go:76.28,88.18 5 0
github.com/HadesHo3820/ebvn-golang-course/internal/api/api.go:88.18,91.3 2 0
github.com/HadesHo3820/ebvn-golang-course/internal/api/api.go:92.2,112.2 8 0
github.com/HadesHo3820/ebvn-golang-course/internal/api/api.go:112.2,121.3 3 0
github.com/HadesHo3820/ebvn-golang-course/internal/api/api.go:124.2,124.74 1 0
github.com/HadesHo3820/ebvn-golang-course/internal/api/config.go:14.35,17.16 3 0
github.com/HadesHo3820/ebvn-golang-course/internal/api/config.go:17.16,19.3 1 0
github.com/HadesHo3820/ebvn-golang-course/internal/api/config.go:20.2,20.26 1 0
github.com/HadesHo3820/ebvn-golang-course/internal/api/config.go:20.26,23.3 1 0
github.com/HadesHo3820/ebvn-golang-course/internal/api/config.go:24.2,24.17 1 0
github.com/HadesHo3820/ebvn-golang-course/internal/handler/health_check_handler.go:48.58,52.2 1 2
github.com/HadesHo3820/ebvn-golang-course/internal/handler/health_check_handler.go:61.52,63.16 2 2
github.com/HadesHo3820/ebvn-golang-course/internal/handler/health_check_handler.go:63.16,71.3 2 1
github.com/HadesHo3820/ebvn-golang-course/internal/handler/health_check_handler.go:72.2,76.4 1 1
github.com/HadesHo3820/ebvn-golang-course/internal/handler/pass_handler.go:27.49,29.2 1 2
github.com/HadesHo3820/ebvn-golang-course/internal/handler/pass_handler.go:42.51,44.16 2 2
github.com/HadesHo3820/ebvn-golang-course/internal/handler/pass_handler.go:44.16,47.3 2 1
github.com/HadesHo3820/ebvn-golang-course/internal/handler/pass_handler.go:48.2,48.31 1 1
github.com/HadesHo3820/ebvn-golang-course/internal/handler/url_shorten_handler.go:53.55,57.2 1 6
github.com/HadesHo3820/ebvn-golang-course/internal/handler/url_shorten_handler.go:69.56,71.47 2 6
github.com/HadesHo3820/ebvn-golang-course/internal/handler/url_shorten_handler.go:71.47,74.3 2 3
github.com/HadesHo3820/ebvn-golang-course/internal/handler/url_shorten_handler.go:76.2,77.16 2 3
github.com/HadesHo3820/ebvn-golang-course/internal/handler/url_shorten_handler.go:77.16,80.3 2 1
github.com/HadesHo3820/ebvn-golang-course/internal/handler/url_shorten_handler.go:82.2,85.4 1 2
github.com/HadesHo3820/ebvn-golang-course/internal/repository/healthcheck.go:28.64,30.2 1 0
github.com/HadesHo3820/ebvn-golang-course/internal/repository/healthcheck.go:33.62,35.2 1 0
github.com/HadesHo3820/ebvn-golang-course/internal/repository/urlstorage.go:37.48,39.2 1 0
github.com/HadesHo3820/ebvn-golang-course/internal/repository/urlstorage.go:42.76,44.2 1 0
github.com/HadesHo3820/ebvn-golang-course/internal/repository/urlstorage.go:50.104,52.13 2 0
github.com/HadesHo3820/ebvn-golang-course/internal/repository/urlstorage.go:52.13,54.3 1 0
github.com/HadesHo3820/ebvn-golang-course/internal/repository/urlstorage.go:55.2,55.56 1 0
github.com/HadesHo3820/ebvn-golang-course/internal/repository/urlstorage.go:59.79,61.2 1 0
github.com/HadesHo3820/ebvn-golang-course/internal/repository/urlstorage.go:64.77,66.16 2 0
github.com/HadesHo3820/ebvn-golang-course/internal/repository/urlstorage.go:66.16,68.3 1 0
github.com/HadesHo3820/ebvn-golang-course/internal/repository/urlstorage.go:70.2,70.24 1 0
github.com/HadesHo3820/ebvn-golang-course/internal/service/health_check_service.go:45.105,51.2 1 0
github.com/HadesHo3820/ebvn-golang-course/internal/service/health_check_service.go:56.89,58.28 1 0
github.com/HadesHo3820/ebvn-golang-course/internal/service/health_check_service.go:58.28,59.51 1 0
github.com/HadesHo3820/ebvn-golang-course/internal/service/health_check_service.go:59.51,61.4 1 0
github.com/HadesHo3820/ebvn-golang-course/internal/service/health_check_service.go:63.2,63.56 1 0
github.com/HadesHo3820/ebvn-golang-course/internal/service/pass_service.go:22.29,24.2 1 0
github.com/HadesHo3820/ebvn-golang-course/internal/service/pass_service.go:29.62,31.2 1 0
github.com/HadesHo3820/ebvn-golang-course/internal/service/url_service.go:41.92,43.2 1 0
github.com/HadesHo3820/ebvn-golang-course/internal/service/url_service.go:59.91,60.23 1 0
github.com/HadesHo3820/ebvn-golang-course/internal/service/url_service.go:60.23,63.17 2 0
github.com/HadesHo3820/ebvn-golang-course/internal/service/url_service.go:63.17,65.4 1 0
github.com/HadesHo3820/ebvn-golang-course/internal/service/url_service.go:68.3,69.17 2 0
github.com/HadesHo3820/ebvn-golang-course/internal/service/url_service.go:69.17,71.4 1 0
github.com/HadesHo3820/ebvn-golang-course/internal/service/url_service.go:72.3,72.14 1 0
github.com/HadesHo3820/ebvn-golang-course/internal/service/url_service.go:72.14,73.12 1 0
github.com/HadesHo3820/ebvn-golang-course/internal/service/url_service.go:76.3,76.22 1 0
github.com/HadesHo3820/ebvn-golang-course/internal/service/url_service.go:79.2,79.87 1 0
github.com/HadesHo3820/ebvn-golang-course/pkg/redis/client.go:14.57,16.16 2 0
github.com/HadesHo3820/ebvn-golang-course/pkg/redis/client.go:16.16,18.3 1 0
github.com/HadesHo3820/ebvn-golang-course/pkg/redis/client.go:19.2,25.25 2 0
github.com/HadesHo3820/ebvn-golang-course/pkg/redis/config.go:13.51,16.16 3 0
github.com/HadesHo3820/ebvn-golang-course/pkg/redis/config.go:16.16,18.3 1 0
github.com/HadesHo3820/ebvn-golang-course/pkg/redis/config.go:19.2,19.17 1 0
github.com/HadesHo3820/ebvn-golang-course/pkg/redis/mock.go:13.48,18.2 2 0
github.com/HadesHo3820/ebvn-golang-course/pkg/stringutils/code.go:22.37,24.2 1 0
github.com/HadesHo3820/ebvn-golang-course/pkg/stringutils/code.go:26.59,28.2 1 0
github.com/HadesHo3820/ebvn-golang-course/pkg/stringutils/code.go:30.47,34.19 2 0
github.com/HadesHo3820/ebvn-golang-course/pkg/stringutils/code.go:34.19,37.17 2 0
github.com/HadesHo3820/ebvn-golang-course/pkg/stringutils/code.go:37.17,39.4 1 0
github.com/HadesHo3820/ebvn-golang-course/pkg/stringutils/code.go:41.3,41.53 1 0
github.com/HadesHo3820/ebvn-golang-course/pkg/stringutils/code.go:43.2,43.33 1 0
github.com/HadesHo3820/ebvn-golang-course/internal/api/api.go:41.91,50.2 3 0
github.com/HadesHo3820/ebvn-golang-course/internal/api/api.go:55.29,57.2 1 0
github.com/HadesHo3820/ebvn-golang-course/internal/api/api.go:61.65,63.2 1 0
github.com/HadesHo3820/ebvn-golang-course/internal/api/api.go:76.28,88.18 5 0
github.com/HadesHo3820/ebvn-golang-course/internal/api/api.go:88.18,91.3 2 0
github.com/HadesHo3820/ebvn-golang-course/internal/api/api.go:92.2,112.2 8 0
github.com/HadesHo3820/ebvn-golang-course/internal/api/api.go:112.2,121.3 3 0
github.com/HadesHo3820/ebvn-golang-course/internal/api/api.go:124.2,124.74 1 0
github.com/HadesHo3820/ebvn-golang-course/internal/api/config.go:14.35,17.16 3 0
github.com/HadesHo3820/ebvn-golang-course/internal/api/config.go:17.16,19.3 1 0
github.com/HadesHo3820/ebvn-golang-course/internal/api/config.go:20.2,20.26 1 0
github.com/HadesHo3820/ebvn-golang-course/internal/api/config.go:20.26,23.3 1 0
github.com/HadesHo3820/ebvn-golang-course/internal/api/config.go:24.2,24.17 1 0
github.com/HadesHo3820/ebvn-golang-course/internal/handler/health_check_handler.go:48.58,52.2 1 0
github.com/HadesHo3820/ebvn-golang-course/internal/handler/health_check_handler.go:61.52,63.16 2 0
github.com/HadesHo3820/ebvn-golang-course/internal/handler/health_check_handler.go:63.16,71.3 2 0
github.com/HadesHo3820/ebvn-golang-course/internal/handler/health_check_handler.go:72.2,76.4 1 0
github.com/HadesHo3820/ebvn-golang-course/internal/handler/pass_handler.go:27.49,29.2 1 0
github.com/HadesHo3820/ebvn-golang-course/internal/handler/pass_handler.go:42.51,44.16 2 0
github.com/HadesHo3820/ebvn-golang-course/internal/handler/pass_handler.go:44.16,47.3 2 0
github.com/HadesHo3820/ebvn-golang-course/internal/handler/pass_handler.go:48.2,48.31 1 0
github.com/HadesHo3820/ebvn-golang-course/internal/handler/url_shorten_handler.go:53.55,57.2 1 0
github.com/HadesHo3820/ebvn-golang-course/internal/handler/url_shorten_handler.go:69.56,71.47 2 0
github.com/HadesHo3820/ebvn-golang-course/internal/handler/url_shorten_handler.go:71.47,74.3 2 0
github.com/HadesHo3820/ebvn-golang-course/internal/handler/url_shorten_handler.go:76.2,77.16 2 0
github.com/HadesHo3820/ebvn-golang-course/internal/handler/url_shorten_handler.go:77.16,80.3 2 0
github.com/HadesHo3820/ebvn-golang-course/internal/handler/url_shorten_handler.go:82.2,85.4 1 0
github.com/HadesHo3820/ebvn-golang-course/internal/repository/healthcheck.go:28.64,30.2 1 0
github.com/HadesHo3820/ebvn-golang-course/internal/repository/healthcheck.go:33.62,35.2 1 0
github.com/HadesHo3820/ebvn-golang-course/internal/repository/urlstorage.go:37.48,39.2 1 8
github.com/HadesHo3820/ebvn-golang-course/internal/repository/urlstorage.go:42.76,44.2 1 2
github.com/HadesHo3820/ebvn-golang-course/internal/repository/urlstorage.go:50.104,52.13 2 3
github.com/HadesHo3820/ebvn-golang-course/internal/repository/urlstorage.go:52.13,54.3 1 0
github.com/HadesHo3820/ebvn-golang-course/internal/repository/urlstorage.go:55.2,55.56 1 3
github.com/HadesHo3820/ebvn-golang-course/internal/repository/urlstorage.go:59.79,61.2 1 0
github.com/HadesHo3820/ebvn-golang-course/internal/repository/urlstorage.go:64.77,66.16 2 3
github.com/HadesHo3820/ebvn-golang-course/internal/repository/urlstorage.go:66.16,68.3 1 1
github.com/HadesHo3820/ebvn-golang-course/internal/repository/urlstorage.go:70.2,70.24 1 2
github.com/HadesHo3820/ebvn-golang-course/internal/service/health_check_service.go:45.105,51.2 1 0
github.com/HadesHo3820/ebvn-golang-course/internal/service/health_check_service.go:56.89,58.28 1 0
github.com/HadesHo3820/ebvn-golang-course/internal/service/health_check_service.go:58.28,59.51 1 0
github.com/HadesHo3820/ebvn-golang-course/internal/service/health_check_service.go:59.51,61.4 1 0
github.com/HadesHo3820/ebvn-golang-course/internal/service/health_check_service.go:63.2,63.56 1 0
github.com/HadesHo3820/ebvn-golang-course/internal/service/pass_service.go:22.29,24.2 1 0
github.com/HadesHo3820/ebvn-golang-course/internal/service/pass_service.go:29.62,31.2 1 0
github.com/HadesHo3820/ebvn-golang-course/internal/service/url_service.go:41.92,43.2 1 0
github.com/HadesHo3820/ebvn-golang-course/internal/service/url_service.go:59.91,60.23 1 0
github.com/HadesHo3820/ebvn-golang-course/internal/service/url_service.go:60.23,63.17 2 0
github.com/HadesHo3820/ebvn-golang-course/internal/service/url_service.go:63.17,65.4 1 0
github.com/HadesHo3820/ebvn-golang-course/internal/service/url_service.go:68.3,69.17 2 0
github.com/HadesHo3820/ebvn-golang-course/internal/service/url_service.go:69.17,71.4 1 0
github.com/HadesHo3820/ebvn-golang-course/internal/service/url_service.go:72.3,72.14 1 0
github.com/HadesHo3820/ebvn-golang-course/internal/service/url_service.go:72.14,73.12 1 0
github.com/HadesHo3820/ebvn-golang-course/internal/service/url_service.go:76.3,76.22 1 0
github.com/HadesHo3820/ebvn-golang-course/internal/service/url_service.go:79.2,79.87 1 0
github.com/HadesHo3820/ebvn-golang-course/pkg/redis/client.go:14.57,16.16 2 0
github.com/HadesHo3820/ebvn-golang-course/pkg/redis/client.go:16.16,18.3 1 0
github.com/HadesHo3820/ebvn-golang-course/pkg/redis/client.go:19.2,25.25 2 0
github.com/HadesHo3820/ebvn-golang-course/pkg/redis/config.go:13.51,16.16 3 0
github.com/HadesHo3820/ebvn-golang-course/pkg/redis/config.go:16.16,18.3 1 0
github.com/HadesHo3820/ebvn-golang-course/pkg/redis/config.go:19.2,19.17 1 0
github.com/HadesHo3820/ebvn-golang-course/pkg/redis/mock.go:13.48,18.2 2 8
github.com/HadesHo3820/ebvn-golang-course/pkg/stringutils/code.go:22.37,24.2 1 0
github.com/HadesHo3820/ebvn-golang-course/pkg/stringutils/code.go:26.59,28.2 1 0
github.com/HadesHo3820/ebvn-golang-course/pkg/stringutils/code.go:30.47,34.19 2 0
github.com/HadesHo3820/ebvn-golang-course/pkg/stringutils/code.go:34.19,37.17 2 0
github.com/HadesHo3820/ebvn-golang-course/pkg/stringutils/code.go:37.17,39.4 1 0
github.com/HadesHo3820/ebvn-golang-course/pkg/stringutils/code.go:41.3,41.53 1 0
github.com/HadesHo3820/ebvn-golang-course/pkg/stringutils/code.go:43.2,43.33 1 0
github.com/HadesHo3820/ebvn-golang-course/internal/api/api.go:41.91,50.2 3 0
github.com/HadesHo3820/ebvn-golang-course/internal/api/api.go:55.29,57.2 1 0
github.com/HadesHo3820/ebvn-golang-course/internal/api/api.go:61.65,63.2 1 0
github.com/HadesHo3820/ebvn-golang-course/internal/api/api.go:76.28,88.18 5 0
github.com/HadesHo3820/ebvn-golang-course/internal/api/api.go:88.18,91.3 2 0
github.com/HadesHo3820/ebvn-golang-course/internal/api/api.go:92.2,112.2 8 0
github.com/HadesHo3820/ebvn-golang-course/internal/api/api.go:112.2,121.3 3 0
github.com/HadesHo3820/ebvn-golang-course/internal/api/api.go:124.2,124.74 1 0
github.com/HadesHo3820/ebvn-golang-course/internal/api/config.go:14.35,17.16 3 0
github.com/HadesHo3820/ebvn-golang-course/internal/api/config.go:17.16,19.3 1 0
github.com/HadesHo3820/ebvn-golang-course/internal/api/config.go:20.2,20.26 1 0
github.com/HadesHo3820/ebvn-golang-course/internal/api/config.go:20.26,23.3 1 0
github.com/HadesHo3820/ebvn-golang-course/internal/api/config.go:24.2,24.17 1 0
github.com/HadesHo3820/ebvn-golang-course/internal/handler/health_check_handler.go:48.58,52.2 1 0
github.com/HadesHo3820/ebvn-golang-course/internal/handler/health_check_handler.go:61.52,63.16 2 0
github.com/HadesHo3820/ebvn-golang-course/internal/handler/health_check_handler.go:63.16,71.3 2 0
github.com/HadesHo3820/ebvn-golang-course/internal/handler/health_check_handler.go:72.2,76.4 1 0
github.com/HadesHo3820/ebvn-golang-course/internal/handler/pass_handler.go:27.49,29.2 1 0
github.com/HadesHo3820/ebvn-golang-course/internal/handler/pass_handler.go:42.51,44.16 2 0
github.com/HadesHo3820/ebvn-golang-course/internal/handler/pass_handler.go:44.16,47.3 2 0
github.com/HadesHo3820/ebvn-golang-course/internal/handler/pass_handler.go:48.2,48.31 1 0
github.com/HadesHo3820/ebvn-golang-course/internal/handler/url_shorten_handler.go:53.55,57.2 1 0
github.com/HadesHo3820/ebvn-golang-course/internal/handler/url_shorten_handler.go:69.56,71.47 2 0
github.com/HadesHo3820/ebvn-golang-course/internal/handler/url_shorten_handler.go:71.47,74.3 2 0
github.com/HadesHo3820/ebvn-golang-course/internal/handler/url_shorten_handler.go:76.2,77.16 2 0
github.com/HadesHo3820/ebvn-golang-course/internal/handler/url_shorten_handler.go:77.16,80.3 2 0
github.com/HadesHo3820/ebvn-golang-course/internal/handler/url_shorten_handler.go:82.2,85.4 1 0
github.com/HadesHo3820/ebvn-golang-course/internal/repository/healthcheck.go:28.64,30.2 1 0
github.com/HadesHo3820/ebvn-golang-course/internal/repository/healthcheck.go:33.62,35.2 1 0
github.com/HadesHo3820/ebvn-golang-course/internal/repository/urlstorage.go:37.48,39.2 1 0
github.com/HadesHo3820/ebvn-golang-course/internal/repository/urlstorage.go:42.76,44.2 1 0
github.com/HadesHo3820/ebvn-golang-course/internal/repository/urlstorage.go:50.104,52.13 2 0
github.com/HadesHo3820/ebvn-golang-course/internal/repository/urlstorage.go:52.13,54.3 1 0
github.com/HadesHo3820/ebvn-golang-course/internal/repository/urlstorage.go:55.2,55.56 1 0
github.com/HadesHo3820/ebvn-golang-course/internal/repository/urlstorage.go:59.79,61.2 1 0
github.com/HadesHo3820/ebvn-golang-course/internal/repository/urlstorage.go:64.77,66.16 2 0
github.com/HadesHo3820/ebvn-golang-course/internal/repository/urlstorage.go:66.16,68.3 1 0
github.com/HadesHo3820/ebvn-golang-course/internal/repository/urlstorage.go:70.2,70.24 1 0
github.com/HadesHo3820/ebvn-golang-course/internal/service/health_check_service.go:45.105,51.2 1 3
github.com/HadesHo3820/ebvn-golang-course/internal/service/health_check_service.go:56.89,58.28 1 3
github.com/HadesHo3820/ebvn-golang-course/internal/service/health_check_service.go:58.28,59.51 1 2
github.com/HadesHo3820/ebvn-golang-course/internal/service/health_check_service.go:59.51,61.4 1 1
github.com/HadesHo3820/ebvn-golang-course/internal/service/health_check_service.go:63.2,63.56 1 2
github.com/HadesHo3820/ebvn-golang-course/internal/service/pass_service.go:22.29,24.2 1 1
github.com/HadesHo3820/ebvn-golang-course/internal/service/pass_service.go:29.62,31.2 1 1
github.com/HadesHo3820/ebvn-golang-course/internal/service/url_service.go:41.92,43.2 1 5
github.com/HadesHo3820/ebvn-golang-course/internal/service/url_service.go:59.91,60.23 1 5
github.com/HadesHo3820/ebvn-golang-course/internal/service/url_service.go:60.23,63.17 2 10
github.com/HadesHo3820/ebvn-golang-course/internal/service/url_service.go:63.17,65.4 1 1
github.com/HadesHo3820/ebvn-golang-course/internal/service/url_service.go:68.3,69.17 2 9
github.com/HadesHo3820/ebvn-golang-course/internal/service/url_service.go:69.17,71.4 1 1
github.com/HadesHo3820/ebvn-golang-course/internal/service/url_service.go:72.3,72.14 1 8
github.com/HadesHo3820/ebvn-golang-course/internal/service/url_service.go:72.14,73.12 1 6
github.com/HadesHo3820/ebvn-golang-course/internal/service/url_service.go:76.3,76.22 1 2
github.com/HadesHo3820/ebvn-golang-course/internal/service/url_service.go:79.2,79.87 1 1
github.com/HadesHo3820/ebvn-golang-course/pkg/redis/client.go:14.57,16.16 2 0
github.com/HadesHo3820/ebvn-golang-course/pkg/redis/client.go:16.16,18.3 1 0
github.com/HadesHo3820/ebvn-golang-course/pkg/redis/client.go:19.2,25.25 2 0
github.com/HadesHo3820/ebvn-golang-course/pkg/redis/config.go:13.51,16.16 3 0
github.com/HadesHo3820/ebvn-golang-course/pkg/redis/config.go:16.16,18.3 1 0
github.com/HadesHo3820/ebvn-golang-course/pkg/redis/config.go:19.2,19.17 1 0
github.com/HadesHo3820/ebvn-golang-course/pkg/redis/mock.go:13.48,18.2 2 0
github.com/HadesHo3820/ebvn-golang-course/pkg/stringutils/code.go:22.37,24.2 1 0
github.com/HadesHo3820/ebvn-golang-course/pkg/stringutils/code.go:26.59,28.2 1 0
github.com/HadesHo3820/ebvn-golang-course/pkg/stringutils/code.go:30.47,34.19 2 1
github.com/HadesHo3820/ebvn-golang-course/pkg/stringutils/code.go:34.19,37.17 2 10
github.com/HadesHo3820/ebvn-golang-course/pkg/stringutils/code.go:37.17,39.4 1 0
github.com/HadesHo3820/ebvn-golang-course/pkg/stringutils/code.go:41.3,41.53 1 10
github.com/HadesHo3820/ebvn-golang-course/pkg/stringutils/code.go:43.2,43.33 1 1
github.com/HadesHo3820/ebvn-golang-course/internal/api/api.go:41.90,50.2 3 5
github.com/HadesHo3820/ebvn-golang-course/internal/api/api.go:55.29,57.2 1 0
github.com/HadesHo3820/ebvn-golang-course/internal/api/api.go:61.65,63.2 1 5
github.com/HadesHo3820/ebvn-golang-course/internal/api/api.go:76.28,88.18 5 5
github.com/HadesHo3820/ebvn-golang-course/internal/api/api.go:88.18,91.3 2 2
github.com/HadesHo3820/ebvn-golang-course/internal/api/api.go:92.2,112.2 8 5
github.com/HadesHo3820/ebvn-golang-course/internal/api/api.go:112.2,121.3 3 5
github.com/HadesHo3820/ebvn-golang-course/internal/api/api.go:124.2,124.74 1 5
github.com/HadesHo3820/ebvn-golang-course/internal/api/config.go:14.35,17.16 3 1
github.com/HadesHo3820/ebvn-golang-course/internal/api/config.go:17.16,19.3 1 0
github.com/HadesHo3820/ebvn-golang-course/internal/api/config.go:20.2,20.26 1 1
github.com/HadesHo3820/ebvn-golang-course/internal/api/config.go:20.26,23.3 1 1
github.com/HadesHo3820/ebvn-golang-course/internal/api/config.go:24.2,24.17 1 1
github.com/HadesHo3820/ebvn-golang-course/internal/handler/health_check_handler.go:48.58,52.2 1 5
github.com/HadesHo3820/ebvn-golang-course/internal/handler/health_check_handler.go:61.52,63.16 2 1
github.com/HadesHo3820/ebvn-golang-course/internal/handler/health_check_handler.go:63.16,71.3 2 0
github.com/HadesHo3820/ebvn-golang-course/internal/handler/health_check_handler.go:72.2,76.4 1 1
github.com/HadesHo3820/ebvn-golang-course/internal/handler/pass_handler.go:27.49,29.2 1 5
github.com/HadesHo3820/ebvn-golang-course/internal/handler/pass_handler.go:42.51,44.16 2 1
github.com/HadesHo3820/ebvn-golang-course/internal/handler/pass_handler.go:44.16,47.3 2 0
github.com/HadesHo3820/ebvn-golang-course/internal/handler/pass_handler.go:48.2,48.31 1 1
github.com/HadesHo3820/ebvn-golang-course/internal/handler/url_shorten_handler.go:53.55,57.2 1 5
github.com/HadesHo3820/ebvn-golang-course/internal/handler/url_shorten_handler.go:69.56,71.47 2 3
github.com/HadesHo3820/ebvn-golang-course/internal/handler/url_shorten_handler.go:71.47,74.3 2 2
github.com/HadesHo3820/ebvn-golang-course/internal/handler/url_shorten_handler.go:76.2,77.16 2 1
github.com/HadesHo3820/ebvn-golang-course/internal/handler/url_shorten_handler.go:77.16,80.3 2 0
github.com/HadesHo3820/ebvn-golang-course/internal/handler/url_shorten_handler.go:82.2,85.4 1 1
github.com/HadesHo3820/ebvn-golang-course/internal/repository/healthcheck.go:28.64,30.2 1 5
github.com/HadesHo3820/ebvn-golang-course/internal/repository/healthcheck.go:33.62,35.2 1 1
github.com/HadesHo3820/ebvn-golang-course/internal/repository/urlstorage.go:37.48,39.2 1 5
github.com/HadesHo3820/ebvn-golang-course/internal/repository/urlstorage.go:42.76,44.2 1 0
github.com/HadesHo3820/ebvn-golang-course/internal/repository/urlstorage.go:50.104,52.13 2 1
github.com/HadesHo3820/ebvn-golang-course/internal/repository/urlstorage.go:52.13,54.3 1 1
github.com/HadesHo3820/ebvn-golang-course/internal/repository/urlstorage.go:55.2,55.56 1 1
github.com/HadesHo3820/ebvn-golang-course/internal/repository/urlstorage.go:59.79,61.2 1 0
github.com/HadesHo3820/ebvn-golang-course/internal/repository/urlstorage.go:64.77,66.16 2 0
github.com/HadesHo3820/ebvn-golang-course/internal/repository/urlstorage.go:66.16,68.3 1 0
github.com/HadesHo3820/ebvn-golang-course/internal/repository/urlstorage.go:70.2,70.24 1 0
github.com/HadesHo3820/ebvn-golang-course/internal/service/health_check_service.go:45.105,51.2 1 5
github.com/HadesHo3820/ebvn-golang-course/internal/service/health_check_service.go:56.89,58.28 1 1
github.com/HadesHo3820/ebvn-golang-course/internal/service/health_check_service.go:58.28,59.51 1 1
github.com/HadesHo3820/ebvn-golang-course/internal/service/health_check_service.go:59.51,61.4 1 0
github.com/HadesHo3820/ebvn-golang-course/internal/service/health_check_service.go:63.2,63.56 1 1
github.com/HadesHo3820/ebvn-golang-course/internal/service/pass_service.go:22.29,24.2 1 5
github.com/HadesHo3820/ebvn-golang-course/internal/service/pass_service.go:29.62,31.2 1 1
github.com/HadesHo3820/ebvn-golang-course/internal/service/url_service.go:41.92,43.2 1 5
github.com/HadesHo3820/ebvn-golang-course/internal/service/url_service.go:59.91,60.23 1 1
github.com/HadesHo3820/ebvn-golang-course/internal/service/url_service.go:60.23,63.17 2 1
github.com/HadesHo3820/ebvn-golang-course/internal/service/url_service.go:63.17,65.4 1 0
github.com/HadesHo3820/ebvn-golang-course/internal/service/url_service.go:68.3,69.17 2 1
github.com/HadesHo3820/ebvn-golang-course/internal/service/url_service.go:69.17,71.4 1 0
github.com/HadesHo3820/ebvn-golang-course/internal/service/url_service.go:72.3,72.14 1 1
github.com/HadesHo3820/ebvn-golang-course/internal/service/url_service.go:72.14,73.12 1 0
github.com/HadesHo3820/ebvn-golang-course/internal/service/url_service.go:76.3,76.22 1 1
github.com/HadesHo3820/ebvn-golang-course/internal/service/url_service.go:79.2,79.87 1 0
github.com/HadesHo3820/ebvn-golang-course/pkg/redis/client.go:14.57,16.16 2 0
github.com/HadesHo3820/ebvn-golang-course/pkg/redis/client.go:16.16,18.3 1 0
github.com/HadesHo3820/ebvn-golang-course/pkg/redis/client.go:19.2,25.25 2 0
github.com/HadesHo3820/ebvn-golang-course/pkg/redis/config.go:13.51,16.16 3 0
github.com/HadesHo3820/ebvn-golang-course/pkg/redis/config.go:16.16,18.3 1 0
github.com/HadesHo3820/ebvn-golang-course/pkg/redis/config.go:19.2,19.17 1 0
github.com/HadesHo3820/ebvn-golang-course/pkg/redis/mock.go:13.48,18.2 2 5
github.com/HadesHo3820/ebvn-golang-course/pkg/stringutils/code.go:22.37,24.2 1 3
github.com/HadesHo3820/ebvn-golang-course/pkg/stringutils/code.go:26.59,28.2 1 1
github.com/HadesHo3820/ebvn-golang-course/pkg/stringutils/code.go:30.47,34.19 2 2
github.com/HadesHo3820/ebvn-golang-course/pkg/stringutils/code.go:34.19,37.17 2 17
github.com/HadesHo3820/ebvn-golang-course/pkg/stringutils/code.go:37.17,39.4 1 0
github.com/HadesHo3820/ebvn-golang-course/pkg/stringutils/code.go:41.3,41.53 1 17
github.com/HadesHo3820/ebvn-golang-course/pkg/stringutils/code.go:43.2,43.33 1 2
github.com/HadesHo3820/ebvn-golang-course/pkg/redis/client.go:14.57,16.16 2 0
github.com/HadesHo3820/ebvn-golang-course/pkg/redis/client.go:16.16,18.3 1 0
github.com/HadesHo3820/ebvn-golang-course/pkg/redis/client.go:19.2,25.25 2 0
github.com/HadesHo3820/ebvn-golang-course/pkg/redis/config.go:13.51,16.16 3 0
github.com/HadesHo3820/ebvn-golang-course/pkg/redis/config.go:16.16,18.3 1 0
github.com/HadesHo3820/ebvn-golang-course/pkg/redis/config.go:19.2,19.17 1 0
github.com/HadesHo3820/ebvn-golang-course/pkg/redis/mock.go:13.48,18.2 2 0
github.com/HadesHo3820/ebvn-golang-course/pkg/stringutils/code.go:22.37,24.2 1 0
github.com/HadesHo3820/ebvn-golang-course/pkg/stringutils/code.go:26.59,28.2 1 0
github.com/HadesHo3820/ebvn-golang-course/pkg/stringutils/code.go:30.47,34.19 2 0
github.com/HadesHo3820/ebvn-golang-course/pkg/stringutils/code.go:34.19,37.17 2 0
github.com/HadesHo3820/ebvn-golang-course/pkg/stringutils/code.go:37.17,39.4 1 0
github.com/HadesHo3820/ebvn-golang-course/pkg/stringutils/code.go:41.3,41.53 1 0
github.com/HadesHo3820/ebvn-golang-course/pkg/stringutils/code.go:43.2,43.33 1 0
